{
  "stats": {
    "suites": 2,
    "tests": 7,
    "passes": 7,
    "pending": 0,
    "failures": 0,
    "start": "2026-06-21T18:56:07.119Z",
    "end": "2026-06-21T18:56:07.124Z",
    "duration": 5,
    "testsRegistered": 7,
    "passPercent": 100,
    "pendingPercent": 0,
    "other": 0,
    "hasOther": false,
    "skipped": 0,
    "hasSkipped": false
  },
  "results": [
    {
      "uuid": "3ac15496-47b4-4ca8-a1bf-1904dc87d3c5",
      "title": "",
      "fullFile": "",
      "file": "",
      "beforeHooks": [],
      "afterHooks": [],
      "tests": [],
      "suites": [
        {
          "uuid": "8f945448-2ffa-4cae-b9b1-54f331302ec5",
          "title": "Testando método pagar",
          "fullFile": "/home/franciane.almeida/Documents/pipeline-servico-pagamento/pipeline-servico-pagamento/test/servicoDePagamento.test.js",
          "file": "/test/servicoDePagamento.test.js",
          "beforeHooks": [],
          "afterHooks": [],
          "tests": [
            {
              "title": "Criar pagamento corretamente",
              "fullTitle": "Testando método pagar Criar pagamento corretamente",
              "timedOut": false,
              "duration": 0,
              "state": "passed",
              "speed": "fast",
              "pass": true,
              "fail": false,
              "pending": false,
              "context": null,
              "code": "// Arrange\nconst servicoDePagamento = new ServicoDePagamento();\n// Act\nservicoDePagamento.pagar('123-456-789', 'Pizzaria', 89);\nconst pagamento = servicoDePagamento.consultarUltimoPagamento();\n// Assert\nassert.deepStrictEqual(pagamento, {       //deepStrictEqual compara conteudo, nao referencias\n    codigoBarras: '123-456-789',\n    empresa: 'Pizzaria',\n    valor: 89,\n    categoria: 'padrao'\n});",
              "err": {},
              "uuid": "b1440fe1-a120-4092-b6af-cbd124072e7c",
              "parentUUID": "8f945448-2ffa-4cae-b9b1-54f331302ec5",
              "isHook": false,
              "skipped": false
            },
            {
              "title": "Criar pagamento com categoria cara (valor > 100)",
              "fullTitle": "Testando método pagar Criar pagamento com categoria cara (valor > 100)",
              "timedOut": false,
              "duration": 0,
              "state": "passed",
              "speed": "fast",
              "pass": true,
              "fail": false,
              "pending": false,
              "context": null,
              "code": "// Arrange\nconst servicoDePagamento = new ServicoDePagamento();\n \n// Act\nservicoDePagamento.pagar('0987-7656-3475', 'Samar', 156.87);\nconst pagamento = servicoDePagamento.consultarUltimoPagamento();\n// Assert\nassert.equal(pagamento.categoria, 'cara');",
              "err": {},
              "uuid": "7a937099-0c0b-4e21-b367-d7073f3bb595",
              "parentUUID": "8f945448-2ffa-4cae-b9b1-54f331302ec5",
              "isHook": false,
              "skipped": false
            },
            {
              "title": "Criar pagamento com categoria padrao (valor < 100)",
              "fullTitle": "Testando método pagar Criar pagamento com categoria padrao (valor < 100)",
              "timedOut": false,
              "duration": 0,
              "state": "passed",
              "speed": "fast",
              "pass": true,
              "fail": false,
              "pending": false,
              "context": null,
              "code": "// Arrange\nconst servicoDePagamento = new ServicoDePagamento();\n// Act\nservicoDePagamento.pagar('2345-6-78', 'Empresa Biscoito', 50.99);\nconst pagamento = servicoDePagamento.consultarUltimoPagamento();\n// Assert\nassert.equal(pagamento.categoria, 'padrao');",
              "err": {},
              "uuid": "7a87d9c4-c9f0-4733-9f56-2a598595367d",
              "parentUUID": "8f945448-2ffa-4cae-b9b1-54f331302ec5",
              "isHook": false,
              "skipped": false
            },
            {
              "title": "Criar pagamento com categoria padrao (valor = 100)",
              "fullTitle": "Testando método pagar Criar pagamento com categoria padrao (valor = 100)",
              "timedOut": false,
              "duration": 0,
              "state": "passed",
              "speed": "fast",
              "pass": true,
              "fail": false,
              "pending": false,
              "context": null,
              "code": "// Arrange\nconst servicoDePagamento = new ServicoDePagamento();\n// Act\nservicoDePagamento.pagar('744-447', 'Empresa Fran', 100);\nconst pagamento = servicoDePagamento.consultarUltimoPagamento();\n// Assert\nassert.equal(pagamento.categoria, 'padrao');",
              "err": {},
              "uuid": "5e2d2118-a03f-4ed5-adf9-999f226d5f11",
              "parentUUID": "8f945448-2ffa-4cae-b9b1-54f331302ec5",
              "isHook": false,
              "skipped": false
            }
          ],
          "suites": [],
          "passes": [
            "b1440fe1-a120-4092-b6af-cbd124072e7c",
            "7a937099-0c0b-4e21-b367-d7073f3bb595",
            "7a87d9c4-c9f0-4733-9f56-2a598595367d",
            "5e2d2118-a03f-4ed5-adf9-999f226d5f11"
          ],
          "failures": [],
          "pending": [],
          "skipped": [],
          "duration": 0,
          "root": false,
          "rootEmpty": false,
          "_timeout": 2000
        },
        {
          "uuid": "78f329f4-8616-487b-8d6d-54d9dbc1b9b1",
          "title": "Testando método consultar ultimo pagamento",
          "fullFile": "/home/franciane.almeida/Documents/pipeline-servico-pagamento/pipeline-servico-pagamento/test/servicoDePagamento.test.js",
          "file": "/test/servicoDePagamento.test.js",
          "beforeHooks": [],
          "afterHooks": [],
          "tests": [
            {
              "title": "Retornar ultimo pagamento de uma lista com 1 unico pagamento",
              "fullTitle": "Testando método consultar ultimo pagamento Retornar ultimo pagamento de uma lista com 1 unico pagamento",
              "timedOut": false,
              "duration": 0,
              "state": "passed",
              "speed": "fast",
              "pass": true,
              "fail": false,
              "pending": false,
              "context": null,
              "code": "// Arrange\nconst servicoDePagamento = new ServicoDePagamento();\nservicoDePagamento.pagar('123-456', 'Empresa A', 489.90);\n// Act\nconst ultimoPagamento = servicoDePagamento.consultarUltimoPagamento();\n// Assert\nassert.deepStrictEqual(ultimoPagamento, {           //deepStrictEqual compara conteudo, nao referencias\n    codigoBarras: '123-456',\n    empresa: 'Empresa A',\n    valor: 489.90,\n    categoria: 'cara'\n});",
              "err": {},
              "uuid": "59c3b4a0-644e-4462-8585-004a2f2bf7a4",
              "parentUUID": "78f329f4-8616-487b-8d6d-54d9dbc1b9b1",
              "isHook": false,
              "skipped": false
            },
            {
              "title": "Retornar ultimo pagamento de uma lista com N pagamentos",
              "fullTitle": "Testando método consultar ultimo pagamento Retornar ultimo pagamento de uma lista com N pagamentos",
              "timedOut": false,
              "duration": 0,
              "state": "passed",
              "speed": "fast",
              "pass": true,
              "fail": false,
              "pending": false,
              "context": null,
              "code": "// Arrange\nconst servicoDePagamento = new ServicoDePagamento();\nservicoDePagamento.pagar('123-456', 'Empresa A', 489.90);\nservicoDePagamento.pagar('456-789', 'Empresa B', 48.90);\nservicoDePagamento.pagar('666-666', 'Empresa C', 4.90);\n// Act\nconst ultimoPagamento = servicoDePagamento.consultarUltimoPagamento();\n// Assert\nassert.deepStrictEqual(ultimoPagamento, {\n    codigoBarras: '666-666',\n    empresa: 'Empresa C',\n    valor: 4.90,\n    categoria: 'padrao'\n});",
              "err": {},
              "uuid": "40840df1-d8c4-4672-802d-fd01bc769856",
              "parentUUID": "78f329f4-8616-487b-8d6d-54d9dbc1b9b1",
              "isHook": false,
              "skipped": false
            },
            {
              "title": "Retornar mensagem de erro quando a lista de pagamentos está vazia",
              "fullTitle": "Testando método consultar ultimo pagamento Retornar mensagem de erro quando a lista de pagamentos está vazia",
              "timedOut": false,
              "duration": 0,
              "state": "passed",
              "speed": "fast",
              "pass": true,
              "fail": false,
              "pending": false,
              "context": null,
              "code": "// Arrange\nconst servicoDePagamento = new ServicoDePagamento();\n// Act\n// Assert\nassert.throws( () => servicoDePagamento.consultarUltimoPagamento(), {\n    message: 'Nenhum pagamento encontrado'\n});",
              "err": {},
              "uuid": "ca8266e7-51ad-4e0b-bb8c-090832229da5",
              "parentUUID": "78f329f4-8616-487b-8d6d-54d9dbc1b9b1",
              "isHook": false,
              "skipped": false
            }
          ],
          "suites": [],
          "passes": [
            "59c3b4a0-644e-4462-8585-004a2f2bf7a4",
            "40840df1-d8c4-4672-802d-fd01bc769856",
            "ca8266e7-51ad-4e0b-bb8c-090832229da5"
          ],
          "failures": [],
          "pending": [],
          "skipped": [],
          "duration": 0,
          "root": false,
          "rootEmpty": false,
          "_timeout": 2000
        }
      ],
      "passes": [],
      "failures": [],
      "pending": [],
      "skipped": [],
      "duration": 0,
      "root": true,
      "rootEmpty": true,
      "_timeout": 2000
    }
  ],
  "meta": {
    "mocha": {
      "version": "11.7.6"
    },
    "mochawesome": {
      "options": {
        "quiet": false,
        "reportFilename": "test-report",
        "saveHtml": true,
        "saveJson": true,
        "consoleReporter": "spec",
        "useInlineDiffs": false,
        "code": true
      },
      "version": "7.1.4"
    },
    "marge": {
      "options": {
        "reportDir": "./test-reports",
        "reportFilename": "test-report"
      },
      "version": "6.3.2"
    }
  }
}